18:45:49.794 [background-preinit] INFO  org.hibernate.validator.internal.util.Version | HV000001: Hibernate Validator 6.2.3.Final
18:45:49.840 [restartedMain] INFO  br.fernando.fernandooperacoes.FernandoOperacoesApplication | Starting FernandoOperacoesApplication using Java 1.8.0_332 on fernando-Vostro-3400 with PID 227209 (/home/fernando/sdk/workspace/fbj-estudo/Testes.git/Fernando/fernando-operacoes/target/classes started by fernando in /home/fernando/sdk/workspace/fbj-estudo/Testes.git/Fernando/fernando-operacoes)
18:45:49.843 [restartedMain] INFO  br.fernando.fernandooperacoes.FernandoOperacoesApplication | No active profile set, falling back to 1 default profile: "default"
18:45:49.878 [restartedMain] INFO  org.springframework.boot.devtools.env.DevToolsPropertyDefaultsPostProcessor | Devtools property defaults active! Set 'spring.devtools.add-properties' to 'false' to disable
18:45:49.878 [restartedMain] INFO  org.springframework.boot.devtools.env.DevToolsPropertyDefaultsPostProcessor | For additional web related logging consider setting the 'logging.level.web' property to 'DEBUG'
18:45:50.268 [restartedMain] INFO  org.springframework.data.repository.config.RepositoryConfigurationDelegate | Multiple Spring Data modules found, entering strict repository configuration mode
18:45:50.269 [restartedMain] INFO  org.springframework.data.repository.config.RepositoryConfigurationDelegate | Bootstrapping Spring Data JDBC repositories in DEFAULT mode.
18:45:50.285 [restartedMain] INFO  org.springframework.data.repository.config.RepositoryConfigurationExtensionSupport | Spring Data JDBC - Could not safely identify store assignment for repository candidate interface br.fernando.fernandooperacoes.repository.AutorRepository; If you want this repository to be a JDBC repository, consider annotating your entities with one of these annotations: org.springframework.data.relational.core.mapping.Table.
18:45:50.286 [restartedMain] INFO  org.springframework.data.repository.config.RepositoryConfigurationDelegate | Finished Spring Data repository scanning in 13 ms. Found 0 JDBC repository interfaces.
18:45:50.293 [restartedMain] INFO  org.springframework.data.repository.config.RepositoryConfigurationDelegate | Multiple Spring Data modules found, entering strict repository configuration mode
18:45:50.294 [restartedMain] INFO  org.springframework.data.repository.config.RepositoryConfigurationDelegate | Bootstrapping Spring Data JPA repositories in DEFAULT mode.
18:45:50.314 [restartedMain] INFO  org.springframework.data.repository.config.RepositoryConfigurationDelegate | Finished Spring Data repository scanning in 16 ms. Found 1 JPA repository interfaces.
18:45:50.696 [restartedMain] INFO  org.springframework.boot.web.embedded.tomcat.TomcatWebServer | Tomcat initialized with port(s): 8081 (http)
18:45:50.712 [restartedMain] INFO  org.apache.coyote.http11.Http11NioProtocol | Initializing ProtocolHandler ["http-nio-8081"]
18:45:50.712 [restartedMain] INFO  org.apache.catalina.core.StandardService | Starting service [Tomcat]
18:45:50.712 [restartedMain] INFO  org.apache.catalina.core.StandardEngine | Starting Servlet engine: [Apache Tomcat/9.0.65]
18:45:50.745 [restartedMain] INFO  org.apache.catalina.core.ContainerBase.[Tomcat].[localhost].[/] | Initializing Spring embedded WebApplicationContext
18:45:50.746 [restartedMain] INFO  org.springframework.boot.web.servlet.context.ServletWebServerApplicationContext | Root WebApplicationContext: initialization completed in 867 ms
18:45:50.840 [restartedMain] INFO  org.hibernate.jpa.internal.util.LogHelper | HHH000204: Processing PersistenceUnitInfo [name: default]
18:45:50.873 [restartedMain] INFO  org.hibernate.Version | HHH000412: Hibernate ORM core version 5.6.10.Final
18:45:50.967 [restartedMain] INFO  org.hibernate.annotations.common.Version | HCANN000001: Hibernate Commons Annotations {5.1.2.Final}
18:45:51.030 [restartedMain] INFO  com.zaxxer.hikari.HikariDataSource | HikariPool-1 - Starting...
18:45:51.135 [restartedMain] INFO  com.zaxxer.hikari.HikariDataSource | HikariPool-1 - Start completed.
18:45:51.156 [restartedMain] INFO  org.hibernate.dialect.Dialect | HHH000400: Using dialect: org.hibernate.dialect.PostgreSQL10Dialect
18:45:51.547 [restartedMain] INFO  org.hibernate.engine.transaction.jta.platform.internal.JtaPlatformInitiator | HHH000490: Using JtaPlatform implementation: [org.hibernate.engine.transaction.jta.platform.internal.NoJtaPlatform]
18:45:51.553 [restartedMain] INFO  org.springframework.orm.jpa.LocalContainerEntityManagerFactoryBean | Initialized JPA EntityManagerFactory for persistence unit 'default'
18:45:51.926 [restartedMain] WARN  org.springframework.boot.autoconfigure.orm.jpa.JpaBaseConfiguration$JpaWebConfiguration | spring.jpa.open-in-view is enabled by default. Therefore, database queries may be performed during view rendering. Explicitly configure spring.jpa.open-in-view to disable this warning
18:45:52.200 [restartedMain] WARN  org.springframework.boot.devtools.autoconfigure.OptionalLiveReloadServer | Unable to start LiveReload server
18:45:52.259 [restartedMain] INFO  org.apache.coyote.http11.Http11NioProtocol | Starting ProtocolHandler ["http-nio-8081"]
18:45:52.271 [restartedMain] INFO  org.springframework.boot.web.embedded.tomcat.TomcatWebServer | Tomcat started on port(s): 8081 (http) with context path ''
18:45:52.273 [restartedMain] INFO  org.springframework.amqp.rabbit.connection.CachingConnectionFactory | Attempting to connect to: localhost:5673
18:45:52.276 [restartedMain] INFO  org.springframework.amqp.rabbit.listener.SimpleMessageListenerContainer | Broker not available; cannot force queue declarations during start: java.net.ConnectException: Conexão recusada (Connection refused)
18:45:52.282 [org.springframework.amqp.rabbit.RabbitListenerEndpointContainer#0-1] INFO  org.springframework.amqp.rabbit.connection.CachingConnectionFactory | Attempting to connect to: localhost:5673
18:45:52.290 [restartedMain] INFO  br.fernando.fernandooperacoes.FernandoOperacoesApplication | Started FernandoOperacoesApplication in 2.702 seconds (JVM running for 3.195)
18:45:57.285 [org.springframework.amqp.rabbit.RabbitListenerEndpointContainer#0-1] WARN  org.springframework.amqp.rabbit.listener.SimpleMessageListenerContainer | Consumer raised exception, processing can restart if the connection factory supports it. Exception summary: org.springframework.amqp.AmqpConnectException: java.net.ConnectException: Conexão recusada (Connection refused)
18:45:57.287 [org.springframework.amqp.rabbit.RabbitListenerEndpointContainer#0-1] INFO  org.springframework.amqp.rabbit.listener.SimpleMessageListenerContainer | Restarting Consumer@3e3b9235: tags=[[]], channel=null, acknowledgeMode=AUTO local queue size=0
18:45:57.288 [org.springframework.amqp.rabbit.RabbitListenerEndpointContainer#0-2] INFO  org.springframework.amqp.rabbit.connection.CachingConnectionFactory | Attempting to connect to: localhost:5673
18:46:02.291 [org.springframework.amqp.rabbit.RabbitListenerEndpointContainer#0-2] WARN  org.springframework.amqp.rabbit.listener.SimpleMessageListenerContainer | Consumer raised exception, processing can restart if the connection factory supports it. Exception summary: org.springframework.amqp.AmqpConnectException: java.net.ConnectException: Conexão recusada (Connection refused)
18:46:02.291 [org.springframework.amqp.rabbit.RabbitListenerEndpointContainer#0-2] INFO  org.springframework.amqp.rabbit.listener.SimpleMessageListenerContainer | Restarting Consumer@5fbf6f37: tags=[[]], channel=null, acknowledgeMode=AUTO local queue size=0
18:46:02.292 [org.springframework.amqp.rabbit.RabbitListenerEndpointContainer#0-3] INFO  org.springframework.amqp.rabbit.connection.CachingConnectionFactory | Attempting to connect to: localhost:5673
18:46:07.294 [org.springframework.amqp.rabbit.RabbitListenerEndpointContainer#0-3] WARN  org.springframework.amqp.rabbit.listener.SimpleMessageListenerContainer | Consumer raised exception, processing can restart if the connection factory supports it. Exception summary: org.springframework.amqp.AmqpConnectException: java.net.ConnectException: Conexão recusada (Connection refused)
18:46:07.294 [org.springframework.amqp.rabbit.RabbitListenerEndpointContainer#0-3] INFO  org.springframework.amqp.rabbit.listener.SimpleMessageListenerContainer | Restarting Consumer@4ee05d35: tags=[[]], channel=null, acknowledgeMode=AUTO local queue size=0
18:46:07.295 [org.springframework.amqp.rabbit.RabbitListenerEndpointContainer#0-4] INFO  org.springframework.amqp.rabbit.connection.CachingConnectionFactory | Attempting to connect to: localhost:5673
18:46:12.298 [org.springframework.amqp.rabbit.RabbitListenerEndpointContainer#0-4] WARN  org.springframework.amqp.rabbit.listener.SimpleMessageListenerContainer | Consumer raised exception, processing can restart if the connection factory supports it. Exception summary: org.springframework.amqp.AmqpConnectException: java.net.ConnectException: Conexão recusada (Connection refused)
18:46:12.298 [org.springframework.amqp.rabbit.RabbitListenerEndpointContainer#0-4] INFO  org.springframework.amqp.rabbit.listener.SimpleMessageListenerContainer | Restarting Consumer@31a16f85: tags=[[]], channel=null, acknowledgeMode=AUTO local queue size=0
18:46:12.298 [org.springframework.amqp.rabbit.RabbitListenerEndpointContainer#0-5] INFO  org.springframework.amqp.rabbit.connection.CachingConnectionFactory | Attempting to connect to: localhost:5673
18:46:17.301 [org.springframework.amqp.rabbit.RabbitListenerEndpointContainer#0-5] WARN  org.springframework.amqp.rabbit.listener.SimpleMessageListenerContainer | Consumer raised exception, processing can restart if the connection factory supports it. Exception summary: org.springframework.amqp.AmqpConnectException: java.net.ConnectException: Conexão recusada (Connection refused)
18:46:17.301 [org.springframework.amqp.rabbit.RabbitListenerEndpointContainer#0-5] INFO  org.springframework.amqp.rabbit.listener.SimpleMessageListenerContainer | Restarting Consumer@764df8f: tags=[[]], channel=null, acknowledgeMode=AUTO local queue size=0
18:46:17.302 [org.springframework.amqp.rabbit.RabbitListenerEndpointContainer#0-6] INFO  org.springframework.amqp.rabbit.connection.CachingConnectionFactory | Attempting to connect to: localhost:5673
18:46:22.305 [org.springframework.amqp.rabbit.RabbitListenerEndpointContainer#0-6] WARN  org.springframework.amqp.rabbit.listener.SimpleMessageListenerContainer | Consumer raised exception, processing can restart if the connection factory supports it. Exception summary: org.springframework.amqp.AmqpConnectException: java.net.ConnectException: Conexão recusada (Connection refused)
18:46:22.306 [org.springframework.amqp.rabbit.RabbitListenerEndpointContainer#0-6] INFO  org.springframework.amqp.rabbit.listener.SimpleMessageListenerContainer | Restarting Consumer@6e96a477: tags=[[]], channel=null, acknowledgeMode=AUTO local queue size=0
18:46:22.306 [org.springframework.amqp.rabbit.RabbitListenerEndpointContainer#0-7] INFO  org.springframework.amqp.rabbit.connection.CachingConnectionFactory | Attempting to connect to: localhost:5673
18:46:27.309 [org.springframework.amqp.rabbit.RabbitListenerEndpointContainer#0-7] WARN  org.springframework.amqp.rabbit.listener.SimpleMessageListenerContainer | Consumer raised exception, processing can restart if the connection factory supports it. Exception summary: org.springframework.amqp.AmqpConnectException: java.net.ConnectException: Conexão recusada (Connection refused)
18:46:27.309 [org.springframework.amqp.rabbit.RabbitListenerEndpointContainer#0-7] INFO  org.springframework.amqp.rabbit.listener.SimpleMessageListenerContainer | Restarting Consumer@77d0c7ad: tags=[[]], channel=null, acknowledgeMode=AUTO local queue size=0
18:46:27.310 [org.springframework.amqp.rabbit.RabbitListenerEndpointContainer#0-8] INFO  org.springframework.amqp.rabbit.connection.CachingConnectionFactory | Attempting to connect to: localhost:5673
18:46:32.315 [org.springframework.amqp.rabbit.RabbitListenerEndpointContainer#0-8] WARN  org.springframework.amqp.rabbit.listener.SimpleMessageListenerContainer | Consumer raised exception, processing can restart if the connection factory supports it. Exception summary: org.springframework.amqp.AmqpConnectException: java.net.ConnectException: Conexão recusada (Connection refused)
18:46:32.315 [org.springframework.amqp.rabbit.RabbitListenerEndpointContainer#0-8] INFO  org.springframework.amqp.rabbit.listener.SimpleMessageListenerContainer | Restarting Consumer@481a5ad6: tags=[[]], channel=null, acknowledgeMode=AUTO local queue size=0
18:46:32.316 [org.springframework.amqp.rabbit.RabbitListenerEndpointContainer#0-9] INFO  org.springframework.amqp.rabbit.connection.CachingConnectionFactory | Attempting to connect to: localhost:5673
18:46:37.319 [org.springframework.amqp.rabbit.RabbitListenerEndpointContainer#0-9] WARN  org.springframework.amqp.rabbit.listener.SimpleMessageListenerContainer | Consumer raised exception, processing can restart if the connection factory supports it. Exception summary: org.springframework.amqp.AmqpConnectException: java.net.ConnectException: Conexão recusada (Connection refused)
18:46:37.319 [org.springframework.amqp.rabbit.RabbitListenerEndpointContainer#0-9] INFO  org.springframework.amqp.rabbit.listener.SimpleMessageListenerContainer | Restarting Consumer@61ba61f7: tags=[[]], channel=null, acknowledgeMode=AUTO local queue size=0
18:46:37.320 [org.springframework.amqp.rabbit.RabbitListenerEndpointContainer#0-10] INFO  org.springframework.amqp.rabbit.connection.CachingConnectionFactory | Attempting to connect to: localhost:5673
18:46:42.322 [org.springframework.amqp.rabbit.RabbitListenerEndpointContainer#0-10] WARN  org.springframework.amqp.rabbit.listener.SimpleMessageListenerContainer | Consumer raised exception, processing can restart if the connection factory supports it. Exception summary: org.springframework.amqp.AmqpConnectException: java.net.ConnectException: Conexão recusada (Connection refused)
18:46:42.323 [org.springframework.amqp.rabbit.RabbitListenerEndpointContainer#0-10] INFO  org.springframework.amqp.rabbit.listener.SimpleMessageListenerContainer | Restarting Consumer@6a2e5df4: tags=[[]], channel=null, acknowledgeMode=AUTO local queue size=0
18:46:42.323 [org.springframework.amqp.rabbit.RabbitListenerEndpointContainer#0-11] INFO  org.springframework.amqp.rabbit.connection.CachingConnectionFactory | Attempting to connect to: localhost:5673
18:46:47.326 [org.springframework.amqp.rabbit.RabbitListenerEndpointContainer#0-11] WARN  org.springframework.amqp.rabbit.listener.SimpleMessageListenerContainer | Consumer raised exception, processing can restart if the connection factory supports it. Exception summary: org.springframework.amqp.AmqpConnectException: java.net.ConnectException: Conexão recusada (Connection refused)
18:46:47.326 [org.springframework.amqp.rabbit.RabbitListenerEndpointContainer#0-11] INFO  org.springframework.amqp.rabbit.listener.SimpleMessageListenerContainer | Restarting Consumer@4a8499b7: tags=[[]], channel=null, acknowledgeMode=AUTO local queue size=0
18:46:47.327 [org.springframework.amqp.rabbit.RabbitListenerEndpointContainer#0-12] INFO  org.springframework.amqp.rabbit.connection.CachingConnectionFactory | Attempting to connect to: localhost:5673
18:46:52.330 [org.springframework.amqp.rabbit.RabbitListenerEndpointContainer#0-12] WARN  org.springframework.amqp.rabbit.listener.SimpleMessageListenerContainer | Consumer raised exception, processing can restart if the connection factory supports it. Exception summary: org.springframework.amqp.AmqpConnectException: java.net.ConnectException: Conexão recusada (Connection refused)
18:46:52.330 [org.springframework.amqp.rabbit.RabbitListenerEndpointContainer#0-12] INFO  org.springframework.amqp.rabbit.listener.SimpleMessageListenerContainer | Restarting Consumer@40ced9cd: tags=[[]], channel=null, acknowledgeMode=AUTO local queue size=0
18:46:52.330 [org.springframework.amqp.rabbit.RabbitListenerEndpointContainer#0-13] INFO  org.springframework.amqp.rabbit.connection.CachingConnectionFactory | Attempting to connect to: localhost:5673
18:46:57.333 [org.springframework.amqp.rabbit.RabbitListenerEndpointContainer#0-13] WARN  org.springframework.amqp.rabbit.listener.SimpleMessageListenerContainer | Consumer raised exception, processing can restart if the connection factory supports it. Exception summary: org.springframework.amqp.AmqpConnectException: java.net.ConnectException: Conexão recusada (Connection refused)
18:46:57.333 [org.springframework.amqp.rabbit.RabbitListenerEndpointContainer#0-13] INFO  org.springframework.amqp.rabbit.listener.SimpleMessageListenerContainer | Restarting Consumer@44e7243b: tags=[[]], channel=null, acknowledgeMode=AUTO local queue size=0
18:46:57.334 [org.springframework.amqp.rabbit.RabbitListenerEndpointContainer#0-14] INFO  org.springframework.amqp.rabbit.connection.CachingConnectionFactory | Attempting to connect to: localhost:5673
18:47:02.336 [org.springframework.amqp.rabbit.RabbitListenerEndpointContainer#0-14] WARN  org.springframework.amqp.rabbit.listener.SimpleMessageListenerContainer | Consumer raised exception, processing can restart if the connection factory supports it. Exception summary: org.springframework.amqp.AmqpConnectException: java.net.ConnectException: Conexão recusada (Connection refused)
18:47:02.336 [org.springframework.amqp.rabbit.RabbitListenerEndpointContainer#0-14] INFO  org.springframework.amqp.rabbit.listener.SimpleMessageListenerContainer | Restarting Consumer@5817452f: tags=[[]], channel=null, acknowledgeMode=AUTO local queue size=0
18:47:02.337 [org.springframework.amqp.rabbit.RabbitListenerEndpointContainer#0-15] INFO  org.springframework.amqp.rabbit.connection.CachingConnectionFactory | Attempting to connect to: localhost:5673
18:47:07.339 [org.springframework.amqp.rabbit.RabbitListenerEndpointContainer#0-15] WARN  org.springframework.amqp.rabbit.listener.SimpleMessageListenerContainer | Consumer raised exception, processing can restart if the connection factory supports it. Exception summary: org.springframework.amqp.AmqpConnectException: java.net.ConnectException: Conexão recusada (Connection refused)
18:47:07.340 [org.springframework.amqp.rabbit.RabbitListenerEndpointContainer#0-15] INFO  org.springframework.amqp.rabbit.listener.SimpleMessageListenerContainer | Restarting Consumer@3f4e8196: tags=[[]], channel=null, acknowledgeMode=AUTO local queue size=0
18:47:07.340 [org.springframework.amqp.rabbit.RabbitListenerEndpointContainer#0-16] INFO  org.springframework.amqp.rabbit.connection.CachingConnectionFactory | Attempting to connect to: localhost:5673
18:47:12.343 [org.springframework.amqp.rabbit.RabbitListenerEndpointContainer#0-16] WARN  org.springframework.amqp.rabbit.listener.SimpleMessageListenerContainer | Consumer raised exception, processing can restart if the connection factory supports it. Exception summary: org.springframework.amqp.AmqpConnectException: java.net.ConnectException: Conexão recusada (Connection refused)
18:47:12.343 [org.springframework.amqp.rabbit.RabbitListenerEndpointContainer#0-16] INFO  org.springframework.amqp.rabbit.listener.SimpleMessageListenerContainer | Restarting Consumer@7d09ba61: tags=[[]], channel=null, acknowledgeMode=AUTO local queue size=0
18:47:12.344 [org.springframework.amqp.rabbit.RabbitListenerEndpointContainer#0-17] INFO  org.springframework.amqp.rabbit.connection.CachingConnectionFactory | Attempting to connect to: localhost:5673
18:47:17.346 [org.springframework.amqp.rabbit.RabbitListenerEndpointContainer#0-17] WARN  org.springframework.amqp.rabbit.listener.SimpleMessageListenerContainer | Consumer raised exception, processing can restart if the connection factory supports it. Exception summary: org.springframework.amqp.AmqpConnectException: java.net.ConnectException: Conexão recusada (Connection refused)
18:47:17.346 [org.springframework.amqp.rabbit.RabbitListenerEndpointContainer#0-17] INFO  org.springframework.amqp.rabbit.listener.SimpleMessageListenerContainer | Restarting Consumer@15883b69: tags=[[]], channel=null, acknowledgeMode=AUTO local queue size=0
18:47:17.347 [org.springframework.amqp.rabbit.RabbitListenerEndpointContainer#0-18] INFO  org.springframework.amqp.rabbit.connection.CachingConnectionFactory | Attempting to connect to: localhost:5673
18:47:22.349 [org.springframework.amqp.rabbit.RabbitListenerEndpointContainer#0-18] WARN  org.springframework.amqp.rabbit.listener.SimpleMessageListenerContainer | Consumer raised exception, processing can restart if the connection factory supports it. Exception summary: org.springframework.amqp.AmqpConnectException: java.net.ConnectException: Conexão recusada (Connection refused)
18:47:22.350 [org.springframework.amqp.rabbit.RabbitListenerEndpointContainer#0-18] INFO  org.springframework.amqp.rabbit.listener.SimpleMessageListenerContainer | Restarting Consumer@1f3b9ba6: tags=[[]], channel=null, acknowledgeMode=AUTO local queue size=0
18:47:22.350 [org.springframework.amqp.rabbit.RabbitListenerEndpointContainer#0-19] INFO  org.springframework.amqp.rabbit.connection.CachingConnectionFactory | Attempting to connect to: localhost:5673
18:47:27.353 [org.springframework.amqp.rabbit.RabbitListenerEndpointContainer#0-19] WARN  org.springframework.amqp.rabbit.listener.SimpleMessageListenerContainer | Consumer raised exception, processing can restart if the connection factory supports it. Exception summary: org.springframework.amqp.AmqpConnectException: java.net.ConnectException: Conexão recusada (Connection refused)
18:47:27.353 [org.springframework.amqp.rabbit.RabbitListenerEndpointContainer#0-19] INFO  org.springframework.amqp.rabbit.listener.SimpleMessageListenerContainer | Restarting Consumer@557847e7: tags=[[]], channel=null, acknowledgeMode=AUTO local queue size=0
18:47:27.354 [org.springframework.amqp.rabbit.RabbitListenerEndpointContainer#0-20] INFO  org.springframework.amqp.rabbit.connection.CachingConnectionFactory | Attempting to connect to: localhost:5673
18:47:32.357 [org.springframework.amqp.rabbit.RabbitListenerEndpointContainer#0-20] WARN  org.springframework.amqp.rabbit.listener.SimpleMessageListenerContainer | Consumer raised exception, processing can restart if the connection factory supports it. Exception summary: org.springframework.amqp.AmqpConnectException: java.net.ConnectException: Conexão recusada (Connection refused)
18:47:32.358 [org.springframework.amqp.rabbit.RabbitListenerEndpointContainer#0-20] INFO  org.springframework.amqp.rabbit.listener.SimpleMessageListenerContainer | Restarting Consumer@2a651ea3: tags=[[]], channel=null, acknowledgeMode=AUTO local queue size=0
18:47:32.358 [org.springframework.amqp.rabbit.RabbitListenerEndpointContainer#0-21] INFO  org.springframework.amqp.rabbit.connection.CachingConnectionFactory | Attempting to connect to: localhost:5673
18:47:37.361 [org.springframework.amqp.rabbit.RabbitListenerEndpointContainer#0-21] WARN  org.springframework.amqp.rabbit.listener.SimpleMessageListenerContainer | Consumer raised exception, processing can restart if the connection factory supports it. Exception summary: org.springframework.amqp.AmqpConnectException: java.net.ConnectException: Conexão recusada (Connection refused)
18:47:37.361 [org.springframework.amqp.rabbit.RabbitListenerEndpointContainer#0-21] INFO  org.springframework.amqp.rabbit.listener.SimpleMessageListenerContainer | Restarting Consumer@1004f030: tags=[[]], channel=null, acknowledgeMode=AUTO local queue size=0
18:47:37.362 [org.springframework.amqp.rabbit.RabbitListenerEndpointContainer#0-22] INFO  org.springframework.amqp.rabbit.connection.CachingConnectionFactory | Attempting to connect to: localhost:5673
18:47:42.365 [org.springframework.amqp.rabbit.RabbitListenerEndpointContainer#0-22] WARN  org.springframework.amqp.rabbit.listener.SimpleMessageListenerContainer | Consumer raised exception, processing can restart if the connection factory supports it. Exception summary: org.springframework.amqp.AmqpConnectException: java.net.ConnectException: Conexão recusada (Connection refused)
18:47:42.365 [org.springframework.amqp.rabbit.RabbitListenerEndpointContainer#0-22] INFO  org.springframework.amqp.rabbit.listener.SimpleMessageListenerContainer | Restarting Consumer@43cd8a9: tags=[[]], channel=null, acknowledgeMode=AUTO local queue size=0
18:47:42.365 [org.springframework.amqp.rabbit.RabbitListenerEndpointContainer#0-23] INFO  org.springframework.amqp.rabbit.connection.CachingConnectionFactory | Attempting to connect to: localhost:5673
18:47:47.368 [org.springframework.amqp.rabbit.RabbitListenerEndpointContainer#0-23] WARN  org.springframework.amqp.rabbit.listener.SimpleMessageListenerContainer | Consumer raised exception, processing can restart if the connection factory supports it. Exception summary: org.springframework.amqp.AmqpConnectException: java.net.ConnectException: Conexão recusada (Connection refused)
18:47:47.368 [org.springframework.amqp.rabbit.RabbitListenerEndpointContainer#0-23] INFO  org.springframework.amqp.rabbit.listener.SimpleMessageListenerContainer | Restarting Consumer@296318f5: tags=[[]], channel=null, acknowledgeMode=AUTO local queue size=0
18:47:47.371 [org.springframework.amqp.rabbit.RabbitListenerEndpointContainer#0-24] INFO  org.springframework.amqp.rabbit.connection.CachingConnectionFactory | Attempting to connect to: localhost:5673
18:47:52.374 [org.springframework.amqp.rabbit.RabbitListenerEndpointContainer#0-24] WARN  org.springframework.amqp.rabbit.listener.SimpleMessageListenerContainer | Consumer raised exception, processing can restart if the connection factory supports it. Exception summary: org.springframework.amqp.AmqpConnectException: java.net.ConnectException: Conexão recusada (Connection refused)
18:47:52.374 [org.springframework.amqp.rabbit.RabbitListenerEndpointContainer#0-24] INFO  org.springframework.amqp.rabbit.listener.SimpleMessageListenerContainer | Restarting Consumer@e836646: tags=[[]], channel=null, acknowledgeMode=AUTO local queue size=0
18:47:52.376 [org.springframework.amqp.rabbit.RabbitListenerEndpointContainer#0-25] INFO  org.springframework.amqp.rabbit.connection.CachingConnectionFactory | Attempting to connect to: localhost:5673
18:47:52.483 [RMI TCP Connection(11)-127.0.0.1] INFO  org.springframework.boot.admin.SpringApplicationAdminMXBeanRegistrar$SpringApplicationAdmin | Application shutdown requested.
18:47:52.486 [org.springframework.amqp.rabbit.RabbitListenerEndpointContainer#0-26] INFO  org.springframework.amqp.rabbit.listener.SimpleMessageListenerContainer | Waiting for workers to finish.
18:47:52.486 [org.springframework.amqp.rabbit.RabbitListenerEndpointContainer#0-26] INFO  org.springframework.amqp.rabbit.listener.SimpleMessageListenerContainer | Successfully waited for workers to finish.
18:47:52.493 [RMI TCP Connection(11)-127.0.0.1] INFO  org.springframework.amqp.rabbit.listener.SimpleMessageListenerContainer | Shutdown ignored - container is already stopped
18:47:52.495 [RMI TCP Connection(11)-127.0.0.1] INFO  org.springframework.orm.jpa.LocalContainerEntityManagerFactoryBean | Closing JPA EntityManagerFactory for persistence unit 'default'
18:47:52.497 [RMI TCP Connection(11)-127.0.0.1] INFO  com.zaxxer.hikari.HikariDataSource | HikariPool-1 - Shutdown initiated...
18:47:52.498 [RMI TCP Connection(11)-127.0.0.1] INFO  com.zaxxer.hikari.HikariDataSource | HikariPool-1 - Shutdown completed.
