18:51:20.591 [background-preinit] INFO  org.hibernate.validator.internal.util.Version | HV000001: Hibernate Validator 6.2.3.Final
18:51:20.636 [restartedMain] INFO  br.fernando.fernandooperacoes.FernandoOperacoesApplication | Starting FernandoOperacoesApplication using Java 1.8.0_332 on fernando-Vostro-3400 with PID 228811 (/home/fernando/sdk/workspace/fbj-estudo/Testes.git/Fernando/fernando-operacoes/target/classes started by fernando in /home/fernando/sdk/workspace/fbj-estudo/Testes.git/Fernando/fernando-operacoes)
18:51:20.640 [restartedMain] INFO  br.fernando.fernandooperacoes.FernandoOperacoesApplication | No active profile set, falling back to 1 default profile: "default"
18:51:20.669 [restartedMain] INFO  org.springframework.boot.devtools.env.DevToolsPropertyDefaultsPostProcessor | Devtools property defaults active! Set 'spring.devtools.add-properties' to 'false' to disable
18:51:20.669 [restartedMain] INFO  org.springframework.boot.devtools.env.DevToolsPropertyDefaultsPostProcessor | For additional web related logging consider setting the 'logging.level.web' property to 'DEBUG'
18:51:21.075 [restartedMain] INFO  org.springframework.data.repository.config.RepositoryConfigurationDelegate | Multiple Spring Data modules found, entering strict repository configuration mode
18:51:21.076 [restartedMain] INFO  org.springframework.data.repository.config.RepositoryConfigurationDelegate | Bootstrapping Spring Data JDBC repositories in DEFAULT mode.
18:51:21.095 [restartedMain] INFO  org.springframework.data.repository.config.RepositoryConfigurationExtensionSupport | Spring Data JDBC - Could not safely identify store assignment for repository candidate interface br.fernando.fernandooperacoes.repository.AutorRepository; If you want this repository to be a JDBC repository, consider annotating your entities with one of these annotations: org.springframework.data.relational.core.mapping.Table.
18:51:21.095 [restartedMain] INFO  org.springframework.data.repository.config.RepositoryConfigurationDelegate | Finished Spring Data repository scanning in 16 ms. Found 0 JDBC repository interfaces.
18:51:21.102 [restartedMain] INFO  org.springframework.data.repository.config.RepositoryConfigurationDelegate | Multiple Spring Data modules found, entering strict repository configuration mode
18:51:21.102 [restartedMain] INFO  org.springframework.data.repository.config.RepositoryConfigurationDelegate | Bootstrapping Spring Data JPA repositories in DEFAULT mode.
18:51:21.120 [restartedMain] INFO  org.springframework.data.repository.config.RepositoryConfigurationDelegate | Finished Spring Data repository scanning in 13 ms. Found 1 JPA repository interfaces.
18:51:21.527 [restartedMain] INFO  org.springframework.boot.web.embedded.tomcat.TomcatWebServer | Tomcat initialized with port(s): 8081 (http)
18:51:21.539 [restartedMain] INFO  org.apache.coyote.http11.Http11NioProtocol | Initializing ProtocolHandler ["http-nio-8081"]
18:51:21.540 [restartedMain] INFO  org.apache.catalina.core.StandardService | Starting service [Tomcat]
18:51:21.540 [restartedMain] INFO  org.apache.catalina.core.StandardEngine | Starting Servlet engine: [Apache Tomcat/9.0.65]
18:51:21.577 [restartedMain] INFO  org.apache.catalina.core.ContainerBase.[Tomcat].[localhost].[/] | Initializing Spring embedded WebApplicationContext
18:51:21.577 [restartedMain] INFO  org.springframework.boot.web.servlet.context.ServletWebServerApplicationContext | Root WebApplicationContext: initialization completed in 907 ms
18:51:21.674 [restartedMain] INFO  org.hibernate.jpa.internal.util.LogHelper | HHH000204: Processing PersistenceUnitInfo [name: default]
18:51:21.705 [restartedMain] INFO  org.hibernate.Version | HHH000412: Hibernate ORM core version 5.6.10.Final
18:51:21.801 [restartedMain] INFO  org.hibernate.annotations.common.Version | HCANN000001: Hibernate Commons Annotations {5.1.2.Final}
18:51:21.873 [restartedMain] INFO  com.zaxxer.hikari.HikariDataSource | HikariPool-1 - Starting...
18:51:21.973 [restartedMain] INFO  com.zaxxer.hikari.HikariDataSource | HikariPool-1 - Start completed.
18:51:21.996 [restartedMain] INFO  org.hibernate.dialect.Dialect | HHH000400: Using dialect: org.hibernate.dialect.PostgreSQL10Dialect
18:51:22.400 [restartedMain] INFO  org.hibernate.engine.transaction.jta.platform.internal.JtaPlatformInitiator | HHH000490: Using JtaPlatform implementation: [org.hibernate.engine.transaction.jta.platform.internal.NoJtaPlatform]
18:51:22.406 [restartedMain] INFO  org.springframework.orm.jpa.LocalContainerEntityManagerFactoryBean | Initialized JPA EntityManagerFactory for persistence unit 'default'
18:51:22.808 [restartedMain] WARN  org.springframework.boot.autoconfigure.orm.jpa.JpaBaseConfiguration$JpaWebConfiguration | spring.jpa.open-in-view is enabled by default. Therefore, database queries may be performed during view rendering. Explicitly configure spring.jpa.open-in-view to disable this warning
18:51:23.101 [restartedMain] WARN  org.springframework.boot.devtools.autoconfigure.OptionalLiveReloadServer | Unable to start LiveReload server
18:51:23.163 [restartedMain] INFO  org.apache.coyote.http11.Http11NioProtocol | Starting ProtocolHandler ["http-nio-8081"]
18:51:23.174 [restartedMain] INFO  org.springframework.boot.web.embedded.tomcat.TomcatWebServer | Tomcat started on port(s): 8081 (http) with context path ''
18:51:23.175 [restartedMain] INFO  org.springframework.amqp.rabbit.connection.CachingConnectionFactory | Attempting to connect to: localhost:5673
18:51:23.185 [restartedMain] INFO  org.springframework.amqp.rabbit.listener.SimpleMessageListenerContainer | Broker not available; cannot force queue declarations during start: java.io.IOException
18:51:23.191 [org.springframework.amqp.rabbit.RabbitListenerEndpointContainer#0-1] INFO  org.springframework.amqp.rabbit.connection.CachingConnectionFactory | Attempting to connect to: localhost:5673
18:51:23.192 [AMQP Connection 127.0.0.1:5673] WARN  com.rabbitmq.client.impl.ForgivingExceptionHandler | An unexpected connection driver error occurred (Exception message: Connection reset)
18:51:23.202 [restartedMain] INFO  br.fernando.fernandooperacoes.FernandoOperacoesApplication | Started FernandoOperacoesApplication in 2.808 seconds (JVM running for 3.304)
18:51:28.196 [org.springframework.amqp.rabbit.RabbitListenerEndpointContainer#0-1] INFO  org.springframework.amqp.rabbit.listener.SimpleMessageListenerContainer | Restarting Consumer@46f31252: tags=[[]], channel=null, acknowledgeMode=AUTO local queue size=0
18:51:28.197 [org.springframework.amqp.rabbit.RabbitListenerEndpointContainer#0-2] INFO  org.springframework.amqp.rabbit.connection.CachingConnectionFactory | Attempting to connect to: localhost:5673
18:51:28.198 [AMQP Connection 127.0.0.1:5673] WARN  com.rabbitmq.client.impl.ForgivingExceptionHandler | An unexpected connection driver error occurred (Exception message: Connection reset)
18:51:33.201 [org.springframework.amqp.rabbit.RabbitListenerEndpointContainer#0-2] INFO  org.springframework.amqp.rabbit.listener.SimpleMessageListenerContainer | Restarting Consumer@5a0c4d96: tags=[[]], channel=null, acknowledgeMode=AUTO local queue size=0
18:51:33.202 [org.springframework.amqp.rabbit.RabbitListenerEndpointContainer#0-3] INFO  org.springframework.amqp.rabbit.connection.CachingConnectionFactory | Attempting to connect to: localhost:5673
18:51:33.202 [AMQP Connection 127.0.0.1:5673] WARN  com.rabbitmq.client.impl.ForgivingExceptionHandler | An unexpected connection driver error occurred (Exception message: Connection reset)
18:51:38.205 [org.springframework.amqp.rabbit.RabbitListenerEndpointContainer#0-3] INFO  org.springframework.amqp.rabbit.listener.SimpleMessageListenerContainer | Restarting Consumer@1fce8dab: tags=[[]], channel=null, acknowledgeMode=AUTO local queue size=0
18:51:38.206 [org.springframework.amqp.rabbit.RabbitListenerEndpointContainer#0-4] INFO  org.springframework.amqp.rabbit.connection.CachingConnectionFactory | Attempting to connect to: localhost:5673
18:51:38.207 [AMQP Connection 127.0.0.1:5673] WARN  com.rabbitmq.client.impl.ForgivingExceptionHandler | An unexpected connection driver error occurred (Exception message: Connection reset)
18:51:43.209 [org.springframework.amqp.rabbit.RabbitListenerEndpointContainer#0-4] INFO  org.springframework.amqp.rabbit.listener.SimpleMessageListenerContainer | Restarting Consumer@74042a96: tags=[[]], channel=null, acknowledgeMode=AUTO local queue size=0
18:51:43.210 [org.springframework.amqp.rabbit.RabbitListenerEndpointContainer#0-5] INFO  org.springframework.amqp.rabbit.connection.CachingConnectionFactory | Attempting to connect to: localhost:5673
18:51:43.211 [AMQP Connection 127.0.0.1:5673] WARN  com.rabbitmq.client.impl.ForgivingExceptionHandler | An unexpected connection driver error occurred (Exception message: Connection reset)
18:51:48.213 [org.springframework.amqp.rabbit.RabbitListenerEndpointContainer#0-5] INFO  org.springframework.amqp.rabbit.listener.SimpleMessageListenerContainer | Restarting Consumer@1dbf1422: tags=[[]], channel=null, acknowledgeMode=AUTO local queue size=0
18:51:48.214 [org.springframework.amqp.rabbit.RabbitListenerEndpointContainer#0-6] INFO  org.springframework.amqp.rabbit.connection.CachingConnectionFactory | Attempting to connect to: localhost:5673
18:51:48.215 [AMQP Connection 127.0.0.1:5673] WARN  com.rabbitmq.client.impl.ForgivingExceptionHandler | An unexpected connection driver error occurred (Exception message: Connection reset)
18:51:53.218 [org.springframework.amqp.rabbit.RabbitListenerEndpointContainer#0-6] INFO  org.springframework.amqp.rabbit.listener.SimpleMessageListenerContainer | Restarting Consumer@109deea6: tags=[[]], channel=null, acknowledgeMode=AUTO local queue size=0
18:51:53.219 [org.springframework.amqp.rabbit.RabbitListenerEndpointContainer#0-7] INFO  org.springframework.amqp.rabbit.connection.CachingConnectionFactory | Attempting to connect to: localhost:5673
18:51:53.220 [AMQP Connection 127.0.0.1:5673] WARN  com.rabbitmq.client.impl.ForgivingExceptionHandler | An unexpected connection driver error occurred (Exception message: Connection reset)
18:51:58.223 [org.springframework.amqp.rabbit.RabbitListenerEndpointContainer#0-7] INFO  org.springframework.amqp.rabbit.listener.SimpleMessageListenerContainer | Restarting Consumer@5b94a944: tags=[[]], channel=null, acknowledgeMode=AUTO local queue size=0
18:51:58.224 [org.springframework.amqp.rabbit.RabbitListenerEndpointContainer#0-8] INFO  org.springframework.amqp.rabbit.connection.CachingConnectionFactory | Attempting to connect to: localhost:5673
18:51:58.225 [AMQP Connection 127.0.0.1:5673] WARN  com.rabbitmq.client.impl.ForgivingExceptionHandler | An unexpected connection driver error occurred (Exception message: Connection reset)
18:52:03.230 [org.springframework.amqp.rabbit.RabbitListenerEndpointContainer#0-8] INFO  org.springframework.amqp.rabbit.listener.SimpleMessageListenerContainer | Restarting Consumer@519eb722: tags=[[]], channel=null, acknowledgeMode=AUTO local queue size=0
18:52:03.231 [org.springframework.amqp.rabbit.RabbitListenerEndpointContainer#0-9] INFO  org.springframework.amqp.rabbit.connection.CachingConnectionFactory | Attempting to connect to: localhost:5673
18:52:03.231 [AMQP Connection 127.0.0.1:5673] WARN  com.rabbitmq.client.impl.ForgivingExceptionHandler | An unexpected connection driver error occurred (Exception message: Connection reset)
18:52:08.234 [org.springframework.amqp.rabbit.RabbitListenerEndpointContainer#0-9] INFO  org.springframework.amqp.rabbit.listener.SimpleMessageListenerContainer | Restarting Consumer@68167824: tags=[[]], channel=null, acknowledgeMode=AUTO local queue size=0
18:52:08.235 [org.springframework.amqp.rabbit.RabbitListenerEndpointContainer#0-10] INFO  org.springframework.amqp.rabbit.connection.CachingConnectionFactory | Attempting to connect to: localhost:5673
18:52:13.238 [org.springframework.amqp.rabbit.RabbitListenerEndpointContainer#0-10] INFO  org.springframework.amqp.rabbit.listener.SimpleMessageListenerContainer | Restarting Consumer@4b2f8bcc: tags=[[]], channel=null, acknowledgeMode=AUTO local queue size=0
18:52:13.239 [org.springframework.amqp.rabbit.RabbitListenerEndpointContainer#0-11] INFO  org.springframework.amqp.rabbit.connection.CachingConnectionFactory | Attempting to connect to: localhost:5673
18:52:13.240 [AMQP Connection 127.0.0.1:5673] WARN  com.rabbitmq.client.impl.ForgivingExceptionHandler | An unexpected connection driver error occurred (Exception message: Connection reset)
18:52:18.243 [org.springframework.amqp.rabbit.RabbitListenerEndpointContainer#0-11] INFO  org.springframework.amqp.rabbit.listener.SimpleMessageListenerContainer | Restarting Consumer@20d1417b: tags=[[]], channel=null, acknowledgeMode=AUTO local queue size=0
18:52:18.244 [org.springframework.amqp.rabbit.RabbitListenerEndpointContainer#0-12] INFO  org.springframework.amqp.rabbit.connection.CachingConnectionFactory | Attempting to connect to: localhost:5673
18:52:18.244 [AMQP Connection 127.0.0.1:5673] WARN  com.rabbitmq.client.impl.ForgivingExceptionHandler | An unexpected connection driver error occurred (Exception message: Connection reset)
18:52:23.247 [org.springframework.amqp.rabbit.RabbitListenerEndpointContainer#0-12] INFO  org.springframework.amqp.rabbit.listener.SimpleMessageListenerContainer | Restarting Consumer@693a676f: tags=[[]], channel=null, acknowledgeMode=AUTO local queue size=0
18:52:23.248 [org.springframework.amqp.rabbit.RabbitListenerEndpointContainer#0-13] INFO  org.springframework.amqp.rabbit.connection.CachingConnectionFactory | Attempting to connect to: localhost:5673
18:52:23.249 [AMQP Connection 127.0.0.1:5673] WARN  com.rabbitmq.client.impl.ForgivingExceptionHandler | An unexpected connection driver error occurred (Exception message: Connection reset)
18:52:28.252 [org.springframework.amqp.rabbit.RabbitListenerEndpointContainer#0-13] INFO  org.springframework.amqp.rabbit.listener.SimpleMessageListenerContainer | Restarting Consumer@5d703876: tags=[[]], channel=null, acknowledgeMode=AUTO local queue size=0
18:52:28.252 [org.springframework.amqp.rabbit.RabbitListenerEndpointContainer#0-14] INFO  org.springframework.amqp.rabbit.connection.CachingConnectionFactory | Attempting to connect to: localhost:5673
18:52:28.253 [AMQP Connection 127.0.0.1:5673] WARN  com.rabbitmq.client.impl.ForgivingExceptionHandler | An unexpected connection driver error occurred (Exception message: Connection reset)
18:52:33.256 [org.springframework.amqp.rabbit.RabbitListenerEndpointContainer#0-14] INFO  org.springframework.amqp.rabbit.listener.SimpleMessageListenerContainer | Restarting Consumer@ecf835c: tags=[[]], channel=null, acknowledgeMode=AUTO local queue size=0
18:52:33.256 [org.springframework.amqp.rabbit.RabbitListenerEndpointContainer#0-15] INFO  org.springframework.amqp.rabbit.connection.CachingConnectionFactory | Attempting to connect to: localhost:5673
18:52:33.257 [AMQP Connection 127.0.0.1:5673] WARN  com.rabbitmq.client.impl.ForgivingExceptionHandler | An unexpected connection driver error occurred (Exception message: Connection reset)
18:52:38.260 [org.springframework.amqp.rabbit.RabbitListenerEndpointContainer#0-15] INFO  org.springframework.amqp.rabbit.listener.SimpleMessageListenerContainer | Restarting Consumer@7bd49dc5: tags=[[]], channel=null, acknowledgeMode=AUTO local queue size=0
18:52:38.261 [org.springframework.amqp.rabbit.RabbitListenerEndpointContainer#0-16] INFO  org.springframework.amqp.rabbit.connection.CachingConnectionFactory | Attempting to connect to: localhost:5673
18:52:38.261 [AMQP Connection 127.0.0.1:5673] WARN  com.rabbitmq.client.impl.ForgivingExceptionHandler | An unexpected connection driver error occurred (Exception message: Connection reset)
18:52:43.264 [org.springframework.amqp.rabbit.RabbitListenerEndpointContainer#0-16] INFO  org.springframework.amqp.rabbit.listener.SimpleMessageListenerContainer | Restarting Consumer@4e1e04d: tags=[[]], channel=null, acknowledgeMode=AUTO local queue size=0
18:52:43.265 [org.springframework.amqp.rabbit.RabbitListenerEndpointContainer#0-17] INFO  org.springframework.amqp.rabbit.connection.CachingConnectionFactory | Attempting to connect to: localhost:5673
18:52:48.268 [org.springframework.amqp.rabbit.RabbitListenerEndpointContainer#0-17] WARN  org.springframework.amqp.rabbit.listener.SimpleMessageListenerContainer | Consumer raised exception, processing can restart if the connection factory supports it. Exception summary: org.springframework.amqp.AmqpConnectException: java.net.ConnectException: Conexão recusada (Connection refused)
18:52:48.268 [org.springframework.amqp.rabbit.RabbitListenerEndpointContainer#0-17] INFO  org.springframework.amqp.rabbit.listener.SimpleMessageListenerContainer | Restarting Consumer@4c1725c7: tags=[[]], channel=null, acknowledgeMode=AUTO local queue size=0
18:52:48.269 [org.springframework.amqp.rabbit.RabbitListenerEndpointContainer#0-18] INFO  org.springframework.amqp.rabbit.connection.CachingConnectionFactory | Attempting to connect to: localhost:5673
18:52:53.272 [org.springframework.amqp.rabbit.RabbitListenerEndpointContainer#0-18] WARN  org.springframework.amqp.rabbit.listener.SimpleMessageListenerContainer | Consumer raised exception, processing can restart if the connection factory supports it. Exception summary: org.springframework.amqp.AmqpConnectException: java.net.ConnectException: Conexão recusada (Connection refused)
18:52:53.272 [org.springframework.amqp.rabbit.RabbitListenerEndpointContainer#0-18] INFO  org.springframework.amqp.rabbit.listener.SimpleMessageListenerContainer | Restarting Consumer@4c340bb5: tags=[[]], channel=null, acknowledgeMode=AUTO local queue size=0
18:52:53.273 [org.springframework.amqp.rabbit.RabbitListenerEndpointContainer#0-19] INFO  org.springframework.amqp.rabbit.connection.CachingConnectionFactory | Attempting to connect to: localhost:5673
18:52:58.275 [org.springframework.amqp.rabbit.RabbitListenerEndpointContainer#0-19] WARN  org.springframework.amqp.rabbit.listener.SimpleMessageListenerContainer | Consumer raised exception, processing can restart if the connection factory supports it. Exception summary: org.springframework.amqp.AmqpConnectException: java.net.ConnectException: Conexão recusada (Connection refused)
18:52:58.276 [org.springframework.amqp.rabbit.RabbitListenerEndpointContainer#0-19] INFO  org.springframework.amqp.rabbit.listener.SimpleMessageListenerContainer | Restarting Consumer@3e9e8ffe: tags=[[]], channel=null, acknowledgeMode=AUTO local queue size=0
18:52:58.276 [org.springframework.amqp.rabbit.RabbitListenerEndpointContainer#0-20] INFO  org.springframework.amqp.rabbit.connection.CachingConnectionFactory | Attempting to connect to: localhost:5673
18:53:03.279 [org.springframework.amqp.rabbit.RabbitListenerEndpointContainer#0-20] WARN  org.springframework.amqp.rabbit.listener.SimpleMessageListenerContainer | Consumer raised exception, processing can restart if the connection factory supports it. Exception summary: org.springframework.amqp.AmqpConnectException: java.net.ConnectException: Conexão recusada (Connection refused)
18:53:03.280 [org.springframework.amqp.rabbit.RabbitListenerEndpointContainer#0-20] INFO  org.springframework.amqp.rabbit.listener.SimpleMessageListenerContainer | Restarting Consumer@3e36dbcc: tags=[[]], channel=null, acknowledgeMode=AUTO local queue size=0
18:53:03.283 [org.springframework.amqp.rabbit.RabbitListenerEndpointContainer#0-21] INFO  org.springframework.amqp.rabbit.connection.CachingConnectionFactory | Attempting to connect to: localhost:5673
18:53:08.286 [org.springframework.amqp.rabbit.RabbitListenerEndpointContainer#0-21] WARN  org.springframework.amqp.rabbit.listener.SimpleMessageListenerContainer | Consumer raised exception, processing can restart if the connection factory supports it. Exception summary: org.springframework.amqp.AmqpConnectException: java.net.ConnectException: Conexão recusada (Connection refused)
18:53:08.286 [org.springframework.amqp.rabbit.RabbitListenerEndpointContainer#0-21] INFO  org.springframework.amqp.rabbit.listener.SimpleMessageListenerContainer | Restarting Consumer@23e9e468: tags=[[]], channel=null, acknowledgeMode=AUTO local queue size=0
18:53:08.286 [org.springframework.amqp.rabbit.RabbitListenerEndpointContainer#0-22] INFO  org.springframework.amqp.rabbit.connection.CachingConnectionFactory | Attempting to connect to: localhost:5673
18:53:13.289 [org.springframework.amqp.rabbit.RabbitListenerEndpointContainer#0-22] WARN  org.springframework.amqp.rabbit.listener.SimpleMessageListenerContainer | Consumer raised exception, processing can restart if the connection factory supports it. Exception summary: org.springframework.amqp.AmqpConnectException: java.net.ConnectException: Conexão recusada (Connection refused)
18:53:13.289 [org.springframework.amqp.rabbit.RabbitListenerEndpointContainer#0-22] INFO  org.springframework.amqp.rabbit.listener.SimpleMessageListenerContainer | Restarting Consumer@669eb4af: tags=[[]], channel=null, acknowledgeMode=AUTO local queue size=0
18:53:13.290 [org.springframework.amqp.rabbit.RabbitListenerEndpointContainer#0-23] INFO  org.springframework.amqp.rabbit.connection.CachingConnectionFactory | Attempting to connect to: localhost:5673
18:53:18.292 [org.springframework.amqp.rabbit.RabbitListenerEndpointContainer#0-23] WARN  org.springframework.amqp.rabbit.listener.SimpleMessageListenerContainer | Consumer raised exception, processing can restart if the connection factory supports it. Exception summary: org.springframework.amqp.AmqpConnectException: java.net.ConnectException: Conexão recusada (Connection refused)
18:53:18.292 [org.springframework.amqp.rabbit.RabbitListenerEndpointContainer#0-23] INFO  org.springframework.amqp.rabbit.listener.SimpleMessageListenerContainer | Restarting Consumer@76303f8c: tags=[[]], channel=null, acknowledgeMode=AUTO local queue size=0
18:53:18.293 [org.springframework.amqp.rabbit.RabbitListenerEndpointContainer#0-24] INFO  org.springframework.amqp.rabbit.connection.CachingConnectionFactory | Attempting to connect to: localhost:5673
18:53:23.295 [org.springframework.amqp.rabbit.RabbitListenerEndpointContainer#0-24] WARN  org.springframework.amqp.rabbit.listener.SimpleMessageListenerContainer | Consumer raised exception, processing can restart if the connection factory supports it. Exception summary: org.springframework.amqp.AmqpConnectException: java.net.ConnectException: Conexão recusada (Connection refused)
18:53:23.296 [org.springframework.amqp.rabbit.RabbitListenerEndpointContainer#0-24] INFO  org.springframework.amqp.rabbit.listener.SimpleMessageListenerContainer | Restarting Consumer@1c9f310f: tags=[[]], channel=null, acknowledgeMode=AUTO local queue size=0
18:53:23.297 [org.springframework.amqp.rabbit.RabbitListenerEndpointContainer#0-25] INFO  org.springframework.amqp.rabbit.connection.CachingConnectionFactory | Attempting to connect to: localhost:5673
18:53:28.300 [org.springframework.amqp.rabbit.RabbitListenerEndpointContainer#0-25] WARN  org.springframework.amqp.rabbit.listener.SimpleMessageListenerContainer | Consumer raised exception, processing can restart if the connection factory supports it. Exception summary: org.springframework.amqp.AmqpConnectException: java.net.ConnectException: Conexão recusada (Connection refused)
18:53:28.301 [org.springframework.amqp.rabbit.RabbitListenerEndpointContainer#0-25] INFO  org.springframework.amqp.rabbit.listener.SimpleMessageListenerContainer | Restarting Consumer@3e270cb2: tags=[[]], channel=null, acknowledgeMode=AUTO local queue size=0
18:53:28.301 [org.springframework.amqp.rabbit.RabbitListenerEndpointContainer#0-26] INFO  org.springframework.amqp.rabbit.connection.CachingConnectionFactory | Attempting to connect to: localhost:5673
18:53:33.305 [org.springframework.amqp.rabbit.RabbitListenerEndpointContainer#0-26] WARN  org.springframework.amqp.rabbit.listener.SimpleMessageListenerContainer | Consumer raised exception, processing can restart if the connection factory supports it. Exception summary: org.springframework.amqp.AmqpConnectException: java.net.ConnectException: Conexão recusada (Connection refused)
18:53:33.305 [org.springframework.amqp.rabbit.RabbitListenerEndpointContainer#0-26] INFO  org.springframework.amqp.rabbit.listener.SimpleMessageListenerContainer | Restarting Consumer@5706f7e8: tags=[[]], channel=null, acknowledgeMode=AUTO local queue size=0
18:53:33.306 [org.springframework.amqp.rabbit.RabbitListenerEndpointContainer#0-27] INFO  org.springframework.amqp.rabbit.connection.CachingConnectionFactory | Attempting to connect to: localhost:5673
18:53:38.310 [org.springframework.amqp.rabbit.RabbitListenerEndpointContainer#0-27] WARN  org.springframework.amqp.rabbit.listener.SimpleMessageListenerContainer | Consumer raised exception, processing can restart if the connection factory supports it. Exception summary: org.springframework.amqp.AmqpConnectException: java.net.ConnectException: Conexão recusada (Connection refused)
18:53:38.310 [org.springframework.amqp.rabbit.RabbitListenerEndpointContainer#0-27] INFO  org.springframework.amqp.rabbit.listener.SimpleMessageListenerContainer | Restarting Consumer@67e09d52: tags=[[]], channel=null, acknowledgeMode=AUTO local queue size=0
18:53:38.311 [org.springframework.amqp.rabbit.RabbitListenerEndpointContainer#0-28] INFO  org.springframework.amqp.rabbit.connection.CachingConnectionFactory | Attempting to connect to: localhost:5673
18:53:43.314 [org.springframework.amqp.rabbit.RabbitListenerEndpointContainer#0-28] WARN  org.springframework.amqp.rabbit.listener.SimpleMessageListenerContainer | Consumer raised exception, processing can restart if the connection factory supports it. Exception summary: org.springframework.amqp.AmqpConnectException: java.net.ConnectException: Conexão recusada (Connection refused)
18:53:43.314 [org.springframework.amqp.rabbit.RabbitListenerEndpointContainer#0-28] INFO  org.springframework.amqp.rabbit.listener.SimpleMessageListenerContainer | Restarting Consumer@68f6cc77: tags=[[]], channel=null, acknowledgeMode=AUTO local queue size=0
18:53:43.315 [org.springframework.amqp.rabbit.RabbitListenerEndpointContainer#0-29] INFO  org.springframework.amqp.rabbit.connection.CachingConnectionFactory | Attempting to connect to: localhost:5673
18:53:48.318 [org.springframework.amqp.rabbit.RabbitListenerEndpointContainer#0-29] WARN  org.springframework.amqp.rabbit.listener.SimpleMessageListenerContainer | Consumer raised exception, processing can restart if the connection factory supports it. Exception summary: org.springframework.amqp.AmqpConnectException: java.net.ConnectException: Conexão recusada (Connection refused)
18:53:48.319 [org.springframework.amqp.rabbit.RabbitListenerEndpointContainer#0-29] INFO  org.springframework.amqp.rabbit.listener.SimpleMessageListenerContainer | Restarting Consumer@23e30f5d: tags=[[]], channel=null, acknowledgeMode=AUTO local queue size=0
18:53:48.319 [org.springframework.amqp.rabbit.RabbitListenerEndpointContainer#0-30] INFO  org.springframework.amqp.rabbit.connection.CachingConnectionFactory | Attempting to connect to: localhost:5673
18:53:53.322 [org.springframework.amqp.rabbit.RabbitListenerEndpointContainer#0-30] WARN  org.springframework.amqp.rabbit.listener.SimpleMessageListenerContainer | Consumer raised exception, processing can restart if the connection factory supports it. Exception summary: org.springframework.amqp.AmqpConnectException: java.net.ConnectException: Conexão recusada (Connection refused)
18:53:53.322 [org.springframework.amqp.rabbit.RabbitListenerEndpointContainer#0-30] INFO  org.springframework.amqp.rabbit.listener.SimpleMessageListenerContainer | Restarting Consumer@7cee1e4d: tags=[[]], channel=null, acknowledgeMode=AUTO local queue size=0
18:53:53.323 [org.springframework.amqp.rabbit.RabbitListenerEndpointContainer#0-31] INFO  org.springframework.amqp.rabbit.connection.CachingConnectionFactory | Attempting to connect to: localhost:5673
18:53:58.325 [org.springframework.amqp.rabbit.RabbitListenerEndpointContainer#0-31] WARN  org.springframework.amqp.rabbit.listener.SimpleMessageListenerContainer | Consumer raised exception, processing can restart if the connection factory supports it. Exception summary: org.springframework.amqp.AmqpConnectException: java.net.ConnectException: Conexão recusada (Connection refused)
18:53:58.326 [org.springframework.amqp.rabbit.RabbitListenerEndpointContainer#0-31] INFO  org.springframework.amqp.rabbit.listener.SimpleMessageListenerContainer | Restarting Consumer@7dc13e5e: tags=[[]], channel=null, acknowledgeMode=AUTO local queue size=0
18:53:58.326 [org.springframework.amqp.rabbit.RabbitListenerEndpointContainer#0-32] INFO  org.springframework.amqp.rabbit.connection.CachingConnectionFactory | Attempting to connect to: localhost:5673
18:54:03.328 [org.springframework.amqp.rabbit.RabbitListenerEndpointContainer#0-32] WARN  org.springframework.amqp.rabbit.listener.SimpleMessageListenerContainer | Consumer raised exception, processing can restart if the connection factory supports it. Exception summary: org.springframework.amqp.AmqpConnectException: java.net.ConnectException: Conexão recusada (Connection refused)
18:54:03.329 [org.springframework.amqp.rabbit.RabbitListenerEndpointContainer#0-32] INFO  org.springframework.amqp.rabbit.listener.SimpleMessageListenerContainer | Restarting Consumer@13fd58b1: tags=[[]], channel=null, acknowledgeMode=AUTO local queue size=0
18:54:03.329 [org.springframework.amqp.rabbit.RabbitListenerEndpointContainer#0-33] INFO  org.springframework.amqp.rabbit.connection.CachingConnectionFactory | Attempting to connect to: localhost:5673
18:54:08.331 [org.springframework.amqp.rabbit.RabbitListenerEndpointContainer#0-33] WARN  org.springframework.amqp.rabbit.listener.SimpleMessageListenerContainer | Consumer raised exception, processing can restart if the connection factory supports it. Exception summary: org.springframework.amqp.AmqpConnectException: java.net.ConnectException: Conexão recusada (Connection refused)
18:54:08.332 [org.springframework.amqp.rabbit.RabbitListenerEndpointContainer#0-33] INFO  org.springframework.amqp.rabbit.listener.SimpleMessageListenerContainer | Restarting Consumer@52dba58c: tags=[[]], channel=null, acknowledgeMode=AUTO local queue size=0
18:54:08.332 [org.springframework.amqp.rabbit.RabbitListenerEndpointContainer#0-34] INFO  org.springframework.amqp.rabbit.connection.CachingConnectionFactory | Attempting to connect to: localhost:5673
18:54:13.335 [org.springframework.amqp.rabbit.RabbitListenerEndpointContainer#0-34] WARN  org.springframework.amqp.rabbit.listener.SimpleMessageListenerContainer | Consumer raised exception, processing can restart if the connection factory supports it. Exception summary: org.springframework.amqp.AmqpConnectException: java.net.ConnectException: Conexão recusada (Connection refused)
18:54:13.335 [org.springframework.amqp.rabbit.RabbitListenerEndpointContainer#0-34] INFO  org.springframework.amqp.rabbit.listener.SimpleMessageListenerContainer | Restarting Consumer@1254bfe3: tags=[[]], channel=null, acknowledgeMode=AUTO local queue size=0
18:54:13.337 [org.springframework.amqp.rabbit.RabbitListenerEndpointContainer#0-35] INFO  org.springframework.amqp.rabbit.connection.CachingConnectionFactory | Attempting to connect to: localhost:5673
18:54:18.341 [org.springframework.amqp.rabbit.RabbitListenerEndpointContainer#0-35] WARN  org.springframework.amqp.rabbit.listener.SimpleMessageListenerContainer | Consumer raised exception, processing can restart if the connection factory supports it. Exception summary: org.springframework.amqp.AmqpConnectException: java.net.ConnectException: Conexão recusada (Connection refused)
18:54:18.354 [org.springframework.amqp.rabbit.RabbitListenerEndpointContainer#0-35] INFO  org.springframework.amqp.rabbit.listener.SimpleMessageListenerContainer | Restarting Consumer@482c39d6: tags=[[]], channel=null, acknowledgeMode=AUTO local queue size=0
18:54:18.355 [org.springframework.amqp.rabbit.RabbitListenerEndpointContainer#0-36] INFO  org.springframework.amqp.rabbit.connection.CachingConnectionFactory | Attempting to connect to: localhost:5673
18:54:23.358 [org.springframework.amqp.rabbit.RabbitListenerEndpointContainer#0-36] WARN  org.springframework.amqp.rabbit.listener.SimpleMessageListenerContainer | Consumer raised exception, processing can restart if the connection factory supports it. Exception summary: org.springframework.amqp.AmqpConnectException: java.net.ConnectException: Conexão recusada (Connection refused)
18:54:23.358 [org.springframework.amqp.rabbit.RabbitListenerEndpointContainer#0-36] INFO  org.springframework.amqp.rabbit.listener.SimpleMessageListenerContainer | Restarting Consumer@127065ac: tags=[[]], channel=null, acknowledgeMode=AUTO local queue size=0
18:54:23.359 [org.springframework.amqp.rabbit.RabbitListenerEndpointContainer#0-37] INFO  org.springframework.amqp.rabbit.connection.CachingConnectionFactory | Attempting to connect to: localhost:5673
18:54:26.693 [org.springframework.amqp.rabbit.RabbitListenerEndpointContainer#0-38] INFO  org.springframework.amqp.rabbit.listener.SimpleMessageListenerContainer | Waiting for workers to finish.
18:54:26.693 [org.springframework.amqp.rabbit.RabbitListenerEndpointContainer#0-38] INFO  org.springframework.amqp.rabbit.listener.SimpleMessageListenerContainer | Successfully waited for workers to finish.
18:54:26.701 [Thread-2] INFO  org.springframework.amqp.rabbit.listener.SimpleMessageListenerContainer | Shutdown ignored - container is already stopped
18:54:26.702 [Thread-2] INFO  org.springframework.orm.jpa.LocalContainerEntityManagerFactoryBean | Closing JPA EntityManagerFactory for persistence unit 'default'
18:54:26.705 [Thread-2] INFO  com.zaxxer.hikari.HikariDataSource | HikariPool-1 - Shutdown initiated...
18:54:26.706 [Thread-2] INFO  com.zaxxer.hikari.HikariDataSource | HikariPool-1 - Shutdown completed.
